<?xml version="1.0" encoding="UTF-8"?>
<testsuites name="ScheduleEbay" time="67" tests="3" failures="0" errors="0">
   <testsuite name="ScheduleEbay" tests="3" failures="0" errors="0" time="67" timestamp="2018-07-11 15:42:40" hostname="mmedina - ALGgaf016.ALIGNET.com" id="Test Suites/ScheduleEbay">
      <properties>
[...]
</properties>
      <testcase name="Test Cases/ebayExercise" classname="Test Cases/ebayExercise" status="PASSED">
         <system-out><![CDATA[2018-07-11 15:42:41 - [TEST_CASE][PASSED] - Test Cases/ebayExercise: Test Cases/ebayExercise

2018-07-11 15:42:41 - [TEST_STEP][PASSED] - openBrowser: Browser is opened with url: 'https://www.ebay.com/'

2018-07-11 15:42:47 - [MESSAGE][PASSED] - Browser is opened with url: 'https://www.ebay.com/'

2018-07-11 15:42:47 - [TEST_STEP][PASSED] - maximizeWindow: Current window maximized

2018-07-11 15:42:48 - [MESSAGE][PASSED] - Current window maximized

2018-07-11 15:42:48 - [TEST_STEP][PASSED] - selectOptionByValue: All options with value '11450' are selected in object 'Object Repository/Page_Home/cmbCategoria'  using regular expression

2018-07-11 15:42:48 - [MESSAGE][PASSED] - All options with value '11450' are selected in object 'Object Repository/Page_Home/cmbCategoria'  using regular expression

2018-07-11 15:42:48 - [TEST_STEP][PASSED] - setText: Text 'PUMA' is set on object 'Object Repository/Page_Home/txtArticuloBuscar'

2018-07-11 15:42:49 - [MESSAGE][PASSED] - Text 'PUMA' is set on object 'Object Repository/Page_Home/txtArticuloBuscar'

2018-07-11 15:42:49 - [TEST_STEP][PASSED] - takeScreenshot: Taking screenshot successfully

2018-07-11 15:42:49 - [MESSAGE][PASSED] - Taking screenshot successfully
[[ATTACHMENT|C:\\automationWeb\\ebayAutomation\\Reports\\ScheduleEbay\\20180711_154234\\1531341769133.png]]

2018-07-11 15:42:49 - [TEST_STEP][PASSED] - click: Object: 'Object Repository/Page_Home/btnBuscar' is clicked on

2018-07-11 15:42:51 - [MESSAGE][PASSED] - Object: 'Object Repository/Page_Home/btnBuscar' is clicked on

2018-07-11 15:42:51 - [TEST_STEP][PASSED] - waitForPageLoad: Wait for page load successfully

2018-07-11 15:42:51 - [MESSAGE][PASSED] - Wait for page load successfully

2018-07-11 15:42:51 - [TEST_STEP][PASSED] - click: Object: 'Object Repository/Page_Catalogo/cbxTalla' is clicked on

2018-07-11 15:42:53 - [MESSAGE][PASSED] - Object: 'Object Repository/Page_Catalogo/cbxTalla' is clicked on

2018-07-11 15:42:53 - [TEST_STEP][PASSED] - delay: Delayed 2 second(s)

2018-07-11 15:42:55 - [MESSAGE][PASSED] - Delayed 2 second(s)

2018-07-11 15:42:55 - [TEST_STEP][PASSED] - takeScreenshot: Taking screenshot successfully

2018-07-11 15:42:55 - [MESSAGE][PASSED] - Taking screenshot successfully
[[ATTACHMENT|C:\\automationWeb\\ebayAutomation\\Reports\\ScheduleEbay\\20180711_154234\\1531341775234.png]]

2018-07-11 15:42:55 - [TEST_STEP][PASSED] - Statement - resultados = com.kms.katalon.core.webui.keyword.WebUiBuiltInKeywords.getText(com.kms.katalon.core.testobject.ObjectRepository.findTestObject(Page_Catalogo/lblResultado)): Text of object 'Object Repository/Page_Catalogo/lblResultado' is: '5,178 resultados'

2018-07-11 15:42:55 - [MESSAGE][PASSED] - Text of object 'Object Repository/Page_Catalogo/lblResultado' is: '5,178 resultados'

2018-07-11 15:42:55 - [TEST_STEP][PASSED] - Statement - println("Nro. resultados => " + resultados): null

2018-07-11 15:42:55 - [TEST_STEP][PASSED] - scrollToElement: Scroll to object 'Object Repository/Page_Catalogo/cbxTalla' successfully

2018-07-11 15:42:55 - [MESSAGE][PASSED] - Scroll to object 'Object Repository/Page_Catalogo/cbxTalla' successfully

2018-07-11 15:42:55 - [TEST_STEP][PASSED] - verifyElementClickable: Object 'Object Repository/Page_Catalogo/cbxTalla' is clickable

2018-07-11 15:42:55 - [MESSAGE][PASSED] - Object 'Object Repository/Page_Catalogo/cbxTalla' is clickable

2018-07-11 15:42:55 - [TEST_STEP][PASSED] - takeScreenshot: Taking screenshot successfully

2018-07-11 15:42:56 - [MESSAGE][PASSED] - Taking screenshot successfully
[[ATTACHMENT|C:\\automationWeb\\ebayAutomation\\Reports\\ScheduleEbay\\20180711_154234\\1531341775890.png]]

2018-07-11 15:42:56 - [TEST_STEP][PASSED] - mouseOver: Object: 'Object Repository/Page_Catalogo/cmbOrdenamiento' is hovered

2018-07-11 15:42:56 - [MESSAGE][PASSED] - Object: 'Object Repository/Page_Catalogo/cmbOrdenamiento' is hovered

2018-07-11 15:42:56 - [TEST_STEP][PASSED] - click: Object: 'Object Repository/Page_Catalogo/cmbValorOrdenamiento' is clicked on

2018-07-11 15:42:57 - [MESSAGE][PASSED] - Object: 'Object Repository/Page_Catalogo/cmbValorOrdenamiento' is clicked on

2018-07-11 15:42:57 - [TEST_STEP][PASSED] - waitForPageLoad: Wait for page load successfully

2018-07-11 15:42:57 - [MESSAGE][PASSED] - Wait for page load successfully

2018-07-11 15:42:57 - [TEST_STEP][PASSED] - takeScreenshot: Taking screenshot successfully

2018-07-11 15:42:58 - [MESSAGE][PASSED] - Taking screenshot successfully
[[ATTACHMENT|C:\\automationWeb\\ebayAutomation\\Reports\\ScheduleEbay\\20180711_154234\\1531341777725.png]]

2018-07-11 15:42:58 - [TEST_STEP][PASSED] - Statement - obtenerListaProductos(5): null

2018-07-11 15:42:58 - [TEST_STEP][PASSED] - Statement - listaProductos = []: null

2018-07-11 15:42:58 - [TEST_STEP][PASSED] - Statement - producto = "": null

2018-07-11 15:42:58 - [TEST_STEP][PASSED] - Statement - precio = "": null

2018-07-11 15:42:58 - [TEST_STEP][PASSED] - Statement - envio = "": null

2018-07-11 15:42:58 - [TEST_STEP][PASSED] - Statement - productos = "": null

2018-07-11 15:42:58 - [TEST_STEP][PASSED] - Statement - For ([i = 1, i <= cantidad, (i++)]): null

2018-07-11 15:42:58 - [TEST_STEP][PASSED] - Statement - producto = com.kms.katalon.core.webui.keyword.WebUiBuiltInKeywords.getText(com.kms.katalon.core.testobject.ObjectRepository.findTestObject(Object Repository/Page_Catalogo/lblDescripcionProducto, [indexProd:i])).replaceAll(",", " "): Text of object 'Object Repository/Page_Catalogo/lblDescripcionProducto' is: 'Sandalias Ojotas Puma para hombre negro y rojo Size UK 7,8,9'

2018-07-11 15:42:58 - [MESSAGE][PASSED] - Text of object 'Object Repository/Page_Catalogo/lblDescripcionProducto' is: 'Sandalias Ojotas Puma para hombre negro y rojo Size UK 7,8,9'

2018-07-11 15:42:58 - [TEST_STEP][PASSED] - Statement - precio = com.kms.katalon.core.webui.keyword.WebUiBuiltInKeywords.getText(com.kms.katalon.core.testobject.ObjectRepository.findTestObject(Object Repository/Page_Catalogo/lblPrecioProducto, [indexPrecio:i])): Text of object 'Object Repository/Page_Catalogo/lblPrecioProducto' is: 'S/. 98.20'

2018-07-11 15:42:58 - [MESSAGE][PASSED] - Text of object 'Object Repository/Page_Catalogo/lblPrecioProducto' is: 'S/. 98.20'

2018-07-11 15:42:58 - [TEST_STEP][PASSED] - Statement - envio = com.kms.katalon.core.webui.keyword.WebUiBuiltInKeywords.getText(com.kms.katalon.core.testobject.ObjectRepository.findTestObject(Object Repository/Page_Catalogo/lblEnvio, [indexEnvio:i])): Text of object 'Object Repository/Page_Catalogo/lblEnvio' is: 'Envío gratis'

2018-07-11 15:42:58 - [MESSAGE][PASSED] - Text of object 'Object Repository/Page_Catalogo/lblEnvio' is: 'Envío gratis'

2018-07-11 15:42:58 - [TEST_STEP][PASSED] - Statement - productos = producto + " | " + precio + " " + envio: null

2018-07-11 15:42:58 - [TEST_STEP][PASSED] - Statement - listaProductos.addAll(productos): null

2018-07-11 15:42:58 - [TEST_STEP][PASSED] - Statement - producto = com.kms.katalon.core.webui.keyword.WebUiBuiltInKeywords.getText(com.kms.katalon.core.testobject.ObjectRepository.findTestObject(Object Repository/Page_Catalogo/lblDescripcionProducto, [indexProd:i])).replaceAll(",", " "): Text of object 'Object Repository/Page_Catalogo/lblDescripcionProducto' is: 'Puma Pop Cat diapositivas (36026523) Sandalias De Playa Flip Flop Zapatos Zapatillas diapositiva'

2018-07-11 15:42:58 - [MESSAGE][PASSED] - Text of object 'Object Repository/Page_Catalogo/lblDescripcionProducto' is: 'Puma Pop Cat diapositivas (36026523) Sandalias De Playa Flip Flop Zapatos Zapatillas diapositiva'

2018-07-11 15:42:58 - [TEST_STEP][PASSED] - Statement - precio = com.kms.katalon.core.webui.keyword.WebUiBuiltInKeywords.getText(com.kms.katalon.core.testobject.ObjectRepository.findTestObject(Object Repository/Page_Catalogo/lblPrecioProducto, [indexPrecio:i])): Text of object 'Object Repository/Page_Catalogo/lblPrecioProducto' is: 'S/. 107.69'

2018-07-11 15:42:58 - [MESSAGE][PASSED] - Text of object 'Object Repository/Page_Catalogo/lblPrecioProducto' is: 'S/. 107.69'

2018-07-11 15:42:58 - [TEST_STEP][PASSED] - Statement - envio = com.kms.katalon.core.webui.keyword.WebUiBuiltInKeywords.getText(com.kms.katalon.core.testobject.ObjectRepository.findTestObject(Object Repository/Page_Catalogo/lblEnvio, [indexEnvio:i])): Text of object 'Object Repository/Page_Catalogo/lblEnvio' is: 'Envío gratis'

2018-07-11 15:42:58 - [MESSAGE][PASSED] - Text of object 'Object Repository/Page_Catalogo/lblEnvio' is: 'Envío gratis'

2018-07-11 15:42:58 - [TEST_STEP][PASSED] - Statement - productos = producto + " | " + precio + " " + envio: null

2018-07-11 15:42:58 - [TEST_STEP][PASSED] - Statement - listaProductos.addAll(productos): null

2018-07-11 15:42:58 - [TEST_STEP][PASSED] - Statement - producto = com.kms.katalon.core.webui.keyword.WebUiBuiltInKeywords.getText(com.kms.katalon.core.testobject.ObjectRepository.findTestObject(Object Repository/Page_Catalogo/lblDescripcionProducto, [indexProd:i])).replaceAll(",", " "): Text of object 'Object Repository/Page_Catalogo/lblDescripcionProducto' is: 'Pre Puma para hombre starcat Tech se Desliza Sandalias Flipflop con Eva! Elige Tamaño Y Color'

2018-07-11 15:42:58 - [MESSAGE][PASSED] - Text of object 'Object Repository/Page_Catalogo/lblDescripcionProducto' is: 'Pre Puma para hombre starcat Tech se Desliza Sandalias Flipflop con Eva! Elige Tamaño Y Color'

2018-07-11 15:42:58 - [TEST_STEP][PASSED] - Statement - precio = com.kms.katalon.core.webui.keyword.WebUiBuiltInKeywords.getText(com.kms.katalon.core.testobject.ObjectRepository.findTestObject(Object Repository/Page_Catalogo/lblPrecioProducto, [indexPrecio:i])): Text of object 'Object Repository/Page_Catalogo/lblPrecioProducto' is: 'S/. 42.52'

2018-07-11 15:42:58 - [MESSAGE][PASSED] - Text of object 'Object Repository/Page_Catalogo/lblPrecioProducto' is: 'S/. 42.52'

2018-07-11 15:42:58 - [TEST_STEP][PASSED] - Statement - envio = com.kms.katalon.core.webui.keyword.WebUiBuiltInKeywords.getText(com.kms.katalon.core.testobject.ObjectRepository.findTestObject(Object Repository/Page_Catalogo/lblEnvio, [indexEnvio:i])): Text of object 'Object Repository/Page_Catalogo/lblEnvio' is: '+S/. 76.92 por el envío'

2018-07-11 15:42:58 - [MESSAGE][PASSED] - Text of object 'Object Repository/Page_Catalogo/lblEnvio' is: '+S/. 76.92 por el envío'

2018-07-11 15:42:58 - [TEST_STEP][PASSED] - Statement - productos = producto + " | " + precio + " " + envio: null

2018-07-11 15:42:58 - [TEST_STEP][PASSED] - Statement - listaProductos.addAll(productos): null

2018-07-11 15:42:58 - [TEST_STEP][PASSED] - Statement - producto = com.kms.katalon.core.webui.keyword.WebUiBuiltInKeywords.getText(com.kms.katalon.core.testobject.ObjectRepository.findTestObject(Object Repository/Page_Catalogo/lblDescripcionProducto, [indexProd:i])).replaceAll(",", " "): Text of object 'Object Repository/Page_Catalogo/lblDescripcionProducto' is: 'Para mujer Pumas Flip Flops Tamaño 10 estilo #P108188-038'

2018-07-11 15:42:58 - [MESSAGE][PASSED] - Text of object 'Object Repository/Page_Catalogo/lblDescripcionProducto' is: 'Para mujer Pumas Flip Flops Tamaño 10 estilo #P108188-038'

2018-07-11 15:42:58 - [TEST_STEP][PASSED] - Statement - precio = com.kms.katalon.core.webui.keyword.WebUiBuiltInKeywords.getText(com.kms.katalon.core.testobject.ObjectRepository.findTestObject(Object Repository/Page_Catalogo/lblPrecioProducto, [indexPrecio:i])): Text of object 'Object Repository/Page_Catalogo/lblPrecioProducto' is: 'S/. 58.89'

2018-07-11 15:42:58 - [MESSAGE][PASSED] - Text of object 'Object Repository/Page_Catalogo/lblPrecioProducto' is: 'S/. 58.89'

2018-07-11 15:42:58 - [TEST_STEP][PASSED] - Statement - envio = com.kms.katalon.core.webui.keyword.WebUiBuiltInKeywords.getText(com.kms.katalon.core.testobject.ObjectRepository.findTestObject(Object Repository/Page_Catalogo/lblEnvio, [indexEnvio:i])): Text of object 'Object Repository/Page_Catalogo/lblEnvio' is: '+S/. 73.09 por el envío'

2018-07-11 15:42:58 - [MESSAGE][PASSED] - Text of object 'Object Repository/Page_Catalogo/lblEnvio' is: '+S/. 73.09 por el envío'

2018-07-11 15:42:58 - [TEST_STEP][PASSED] - Statement - productos = producto + " | " + precio + " " + envio: null

2018-07-11 15:42:58 - [TEST_STEP][PASSED] - Statement - listaProductos.addAll(productos): null

2018-07-11 15:42:58 - [TEST_STEP][PASSED] - Statement - producto = com.kms.katalon.core.webui.keyword.WebUiBuiltInKeywords.getText(com.kms.katalon.core.testobject.ObjectRepository.findTestObject(Object Repository/Page_Catalogo/lblDescripcionProducto, [indexProd:i])).replaceAll(",", " "): Text of object 'Object Repository/Page_Catalogo/lblDescripcionProducto' is: 'Nuevo Puma Para hombres starcat Tech se Desliza Sandalias Flipflop con Eva! Elige Tamaño Y Color'

2018-07-11 15:42:59 - [MESSAGE][PASSED] - Text of object 'Object Repository/Page_Catalogo/lblDescripcionProducto' is: 'Nuevo Puma Para hombres starcat Tech se Desliza Sandalias Flipflop con Eva! Elige Tamaño Y Color'

2018-07-11 15:42:59 - [TEST_STEP][PASSED] - Statement - precio = com.kms.katalon.core.webui.keyword.WebUiBuiltInKeywords.getText(com.kms.katalon.core.testobject.ObjectRepository.findTestObject(Object Repository/Page_Catalogo/lblPrecioProducto, [indexPrecio:i])): Text of object 'Object Repository/Page_Catalogo/lblPrecioProducto' is: 'S/. 55.62'

2018-07-11 15:42:59 - [MESSAGE][PASSED] - Text of object 'Object Repository/Page_Catalogo/lblPrecioProducto' is: 'S/. 55.62'

2018-07-11 15:42:59 - [TEST_STEP][PASSED] - Statement - envio = com.kms.katalon.core.webui.keyword.WebUiBuiltInKeywords.getText(com.kms.katalon.core.testobject.ObjectRepository.findTestObject(Object Repository/Page_Catalogo/lblEnvio, [indexEnvio:i])): Text of object 'Object Repository/Page_Catalogo/lblEnvio' is: '+S/. 76.92 por el envío'

2018-07-11 15:42:59 - [MESSAGE][PASSED] - Text of object 'Object Repository/Page_Catalogo/lblEnvio' is: '+S/. 76.92 por el envío'

2018-07-11 15:42:59 - [TEST_STEP][PASSED] - Statement - productos = producto + " | " + precio + " " + envio: null

2018-07-11 15:42:59 - [TEST_STEP][PASSED] - Statement - listaProductos.addAll(productos): null

2018-07-11 15:42:59 - [TEST_STEP][PASSED] - Statement - listaProductos.eachWithIndex({ java.lang.Object val, java.lang.Object idx -> ... }): null

2018-07-11 15:42:59 - [TEST_STEP][PASSED] - closeBrowser: Browser is closed

2018-07-11 15:42:59 - [MESSAGE][PASSED] - Browser is closed]]></system-out>
         <system-err><![CDATA[]]></system-err>
      </testcase>
      <testcase name="Test Cases/ebayExercise" classname="Test Cases/ebayExercise" status="PASSED">
         <system-out><![CDATA[2018-07-11 15:42:59 - [TEST_CASE][PASSED] - Test Cases/ebayExercise: Test Cases/ebayExercise

2018-07-11 15:42:59 - [TEST_STEP][PASSED] - openBrowser: Browser is opened with url: 'https://www.ebay.com/'

2018-07-11 15:43:14 - [MESSAGE][PASSED] - Browser is opened with url: 'https://www.ebay.com/'

2018-07-11 15:43:14 - [TEST_STEP][PASSED] - maximizeWindow: Current window maximized

2018-07-11 15:43:15 - [MESSAGE][PASSED] - Current window maximized

2018-07-11 15:43:15 - [TEST_STEP][PASSED] - selectOptionByValue: All options with value '11450' are selected in object 'Object Repository/Page_Home/cmbCategoria'  using regular expression

2018-07-11 15:43:16 - [MESSAGE][PASSED] - All options with value '11450' are selected in object 'Object Repository/Page_Home/cmbCategoria'  using regular expression

2018-07-11 15:43:16 - [TEST_STEP][PASSED] - setText: Text 'PUMA' is set on object 'Object Repository/Page_Home/txtArticuloBuscar'

2018-07-11 15:43:16 - [MESSAGE][PASSED] - Text 'PUMA' is set on object 'Object Repository/Page_Home/txtArticuloBuscar'

2018-07-11 15:43:16 - [TEST_STEP][PASSED] - takeScreenshot: Taking screenshot successfully

2018-07-11 15:43:16 - [MESSAGE][PASSED] - Taking screenshot successfully
[[ATTACHMENT|C:\\automationWeb\\ebayAutomation\\Reports\\ScheduleEbay\\20180711_154234\\1531341796395.png]]

2018-07-11 15:43:16 - [TEST_STEP][PASSED] - click: Object: 'Object Repository/Page_Home/btnBuscar' is clicked on

2018-07-11 15:43:18 - [MESSAGE][PASSED] - Object: 'Object Repository/Page_Home/btnBuscar' is clicked on

2018-07-11 15:43:18 - [TEST_STEP][PASSED] - waitForPageLoad: Wait for page load successfully

2018-07-11 15:43:18 - [MESSAGE][PASSED] - Wait for page load successfully

2018-07-11 15:43:18 - [TEST_STEP][PASSED] - click: Object: 'Object Repository/Page_Catalogo/cbxTalla' is clicked on

2018-07-11 15:43:20 - [MESSAGE][PASSED] - Object: 'Object Repository/Page_Catalogo/cbxTalla' is clicked on

2018-07-11 15:43:20 - [TEST_STEP][PASSED] - delay: Delayed 2 second(s)

2018-07-11 15:43:22 - [MESSAGE][PASSED] - Delayed 2 second(s)

2018-07-11 15:43:22 - [TEST_STEP][PASSED] - takeScreenshot: Taking screenshot successfully

2018-07-11 15:43:23 - [MESSAGE][PASSED] - Taking screenshot successfully
[[ATTACHMENT|C:\\automationWeb\\ebayAutomation\\Reports\\ScheduleEbay\\20180711_154234\\1531341802882.png]]

2018-07-11 15:43:23 - [TEST_STEP][PASSED] - Statement - resultados = com.kms.katalon.core.webui.keyword.WebUiBuiltInKeywords.getText(com.kms.katalon.core.testobject.ObjectRepository.findTestObject(Page_Catalogo/lblResultado)): Text of object 'Object Repository/Page_Catalogo/lblResultado' is: '5,181 resultados'

2018-07-11 15:43:23 - [MESSAGE][PASSED] - Text of object 'Object Repository/Page_Catalogo/lblResultado' is: '5,181 resultados'

2018-07-11 15:43:23 - [TEST_STEP][PASSED] - Statement - println("Nro. resultados => " + resultados): null

2018-07-11 15:43:23 - [TEST_STEP][PASSED] - scrollToElement: Scroll to object 'Object Repository/Page_Catalogo/cbxTalla' successfully

2018-07-11 15:43:23 - [MESSAGE][PASSED] - Scroll to object 'Object Repository/Page_Catalogo/cbxTalla' successfully

2018-07-11 15:43:23 - [TEST_STEP][PASSED] - verifyElementClickable: Object 'Object Repository/Page_Catalogo/cbxTalla' is clickable

2018-07-11 15:43:23 - [MESSAGE][PASSED] - Object 'Object Repository/Page_Catalogo/cbxTalla' is clickable

2018-07-11 15:43:23 - [TEST_STEP][PASSED] - takeScreenshot: Taking screenshot successfully

2018-07-11 15:43:23 - [MESSAGE][PASSED] - Taking screenshot successfully
[[ATTACHMENT|C:\\automationWeb\\ebayAutomation\\Reports\\ScheduleEbay\\20180711_154234\\1531341803552.png]]

2018-07-11 15:43:23 - [TEST_STEP][PASSED] - mouseOver: Object: 'Object Repository/Page_Catalogo/cmbOrdenamiento' is hovered

2018-07-11 15:43:23 - [MESSAGE][PASSED] - Object: 'Object Repository/Page_Catalogo/cmbOrdenamiento' is hovered

2018-07-11 15:43:23 - [TEST_STEP][PASSED] - click: Object: 'Object Repository/Page_Catalogo/cmbValorOrdenamiento' is clicked on

2018-07-11 15:43:25 - [MESSAGE][PASSED] - Object: 'Object Repository/Page_Catalogo/cmbValorOrdenamiento' is clicked on

2018-07-11 15:43:25 - [TEST_STEP][PASSED] - waitForPageLoad: Wait for page load successfully

2018-07-11 15:43:25 - [MESSAGE][PASSED] - Wait for page load successfully

2018-07-11 15:43:25 - [TEST_STEP][PASSED] - takeScreenshot: Taking screenshot successfully

2018-07-11 15:43:26 - [MESSAGE][PASSED] - Taking screenshot successfully
[[ATTACHMENT|C:\\automationWeb\\ebayAutomation\\Reports\\ScheduleEbay\\20180711_154234\\1531341805959.png]]

2018-07-11 15:43:26 - [TEST_STEP][PASSED] - Statement - obtenerListaProductos(5): null

2018-07-11 15:43:26 - [TEST_STEP][PASSED] - Statement - listaProductos = []: null

2018-07-11 15:43:26 - [TEST_STEP][PASSED] - Statement - producto = "": null

2018-07-11 15:43:26 - [TEST_STEP][PASSED] - Statement - precio = "": null

2018-07-11 15:43:26 - [TEST_STEP][PASSED] - Statement - envio = "": null

2018-07-11 15:43:26 - [TEST_STEP][PASSED] - Statement - productos = "": null

2018-07-11 15:43:26 - [TEST_STEP][PASSED] - Statement - For ([i = 1, i <= cantidad, (i++)]): null

2018-07-11 15:43:26 - [TEST_STEP][PASSED] - Statement - producto = com.kms.katalon.core.webui.keyword.WebUiBuiltInKeywords.getText(com.kms.katalon.core.testobject.ObjectRepository.findTestObject(Object Repository/Page_Catalogo/lblDescripcionProducto, [indexProd:i])).replaceAll(",", " "): Text of object 'Object Repository/Page_Catalogo/lblDescripcionProducto' is: 'Zapatos para hombre PUMA SF Wayfarer Textil Con Cordones Zapatillas 30609801 Luna/Sombra * Nuevo *'

2018-07-11 15:43:26 - [MESSAGE][PASSED] - Text of object 'Object Repository/Page_Catalogo/lblDescripcionProducto' is: 'Zapatos para hombre PUMA SF Wayfarer Textil Con Cordones Zapatillas 30609801 Luna/Sombra * Nuevo *'

2018-07-11 15:43:26 - [TEST_STEP][PASSED] - Statement - precio = com.kms.katalon.core.webui.keyword.WebUiBuiltInKeywords.getText(com.kms.katalon.core.testobject.ObjectRepository.findTestObject(Object Repository/Page_Catalogo/lblPrecioProducto, [indexPrecio:i])): Text of object 'Object Repository/Page_Catalogo/lblPrecioProducto' is: 'S/. 310.81'

2018-07-11 15:43:26 - [MESSAGE][PASSED] - Text of object 'Object Repository/Page_Catalogo/lblPrecioProducto' is: 'S/. 310.81'

2018-07-11 15:43:26 - [TEST_STEP][PASSED] - Statement - envio = com.kms.katalon.core.webui.keyword.WebUiBuiltInKeywords.getText(com.kms.katalon.core.testobject.ObjectRepository.findTestObject(Object Repository/Page_Catalogo/lblEnvio, [indexEnvio:i])): Text of object 'Object Repository/Page_Catalogo/lblEnvio' is: '+S/. 170.38 por el envío'

2018-07-11 15:43:26 - [MESSAGE][PASSED] - Text of object 'Object Repository/Page_Catalogo/lblEnvio' is: '+S/. 170.38 por el envío'

2018-07-11 15:43:26 - [TEST_STEP][PASSED] - Statement - productos = producto + " | " + precio + " " + envio: null

2018-07-11 15:43:26 - [TEST_STEP][PASSED] - Statement - listaProductos.addAll(productos): null

2018-07-11 15:43:26 - [TEST_STEP][PASSED] - Statement - producto = com.kms.katalon.core.webui.keyword.WebUiBuiltInKeywords.getText(com.kms.katalon.core.testobject.ObjectRepository.findTestObject(Object Repository/Page_Catalogo/lblDescripcionProducto, [indexProd:i])).replaceAll(",", " "): Text of object 'Object Repository/Page_Catalogo/lblDescripcionProducto' is: 'Hombre Puma El Ace 4 L 359340 01 Blanco-Nuevo Marina Nuevo DEADSTOCK'

2018-07-11 15:43:26 - [MESSAGE][PASSED] - Text of object 'Object Repository/Page_Catalogo/lblDescripcionProducto' is: 'Hombre Puma El Ace 4 L 359340 01 Blanco-Nuevo Marina Nuevo DEADSTOCK'

2018-07-11 15:43:26 - [TEST_STEP][PASSED] - Statement - precio = com.kms.katalon.core.webui.keyword.WebUiBuiltInKeywords.getText(com.kms.katalon.core.testobject.ObjectRepository.findTestObject(Object Repository/Page_Catalogo/lblPrecioProducto, [indexPrecio:i])): Text of object 'Object Repository/Page_Catalogo/lblPrecioProducto' is: 'S/. 114.41'

2018-07-11 15:43:26 - [MESSAGE][PASSED] - Text of object 'Object Repository/Page_Catalogo/lblPrecioProducto' is: 'S/. 114.41'

2018-07-11 15:43:26 - [TEST_STEP][PASSED] - Statement - envio = com.kms.katalon.core.webui.keyword.WebUiBuiltInKeywords.getText(com.kms.katalon.core.testobject.ObjectRepository.findTestObject(Object Repository/Page_Catalogo/lblEnvio, [indexEnvio:i])): Text of object 'Object Repository/Page_Catalogo/lblEnvio' is: '+S/. 202.36 por el envío'

2018-07-11 15:43:26 - [MESSAGE][PASSED] - Text of object 'Object Repository/Page_Catalogo/lblEnvio' is: '+S/. 202.36 por el envío'

2018-07-11 15:43:26 - [TEST_STEP][PASSED] - Statement - productos = producto + " | " + precio + " " + envio: null

2018-07-11 15:43:26 - [TEST_STEP][PASSED] - Statement - listaProductos.addAll(productos): null

2018-07-11 15:43:26 - [TEST_STEP][PASSED] - Statement - producto = com.kms.katalon.core.webui.keyword.WebUiBuiltInKeywords.getText(com.kms.katalon.core.testobject.ObjectRepository.findTestObject(Object Repository/Page_Catalogo/lblDescripcionProducto, [indexProd:i])).replaceAll(",", " "): Text of object 'Object Repository/Page_Catalogo/lblDescripcionProducto' is: 'Puma para hombre MCQ Cell Bubble Runner Medio Negro/Puma Negro/Puma Negro 36148502 Nuevo'

2018-07-11 15:43:26 - [MESSAGE][PASSED] - Text of object 'Object Repository/Page_Catalogo/lblDescripcionProducto' is: 'Puma para hombre MCQ Cell Bubble Runner Medio Negro/Puma Negro/Puma Negro 36148502 Nuevo'

2018-07-11 15:43:26 - [TEST_STEP][PASSED] - Statement - precio = com.kms.katalon.core.webui.keyword.WebUiBuiltInKeywords.getText(com.kms.katalon.core.testobject.ObjectRepository.findTestObject(Object Repository/Page_Catalogo/lblPrecioProducto, [indexPrecio:i])): Text of object 'Object Repository/Page_Catalogo/lblPrecioProducto' is: 'S/. 327.31'

2018-07-11 15:43:27 - [MESSAGE][PASSED] - Text of object 'Object Repository/Page_Catalogo/lblPrecioProducto' is: 'S/. 327.31'

2018-07-11 15:43:27 - [TEST_STEP][PASSED] - Statement - envio = com.kms.katalon.core.webui.keyword.WebUiBuiltInKeywords.getText(com.kms.katalon.core.testobject.ObjectRepository.findTestObject(Object Repository/Page_Catalogo/lblEnvio, [indexEnvio:i])): Text of object 'Object Repository/Page_Catalogo/lblEnvio' is: '+S/. 163.64 por el envío'

2018-07-11 15:43:27 - [MESSAGE][PASSED] - Text of object 'Object Repository/Page_Catalogo/lblEnvio' is: '+S/. 163.64 por el envío'

2018-07-11 15:43:27 - [TEST_STEP][PASSED] - Statement - productos = producto + " | " + precio + " " + envio: null

2018-07-11 15:43:27 - [TEST_STEP][PASSED] - Statement - listaProductos.addAll(productos): null

2018-07-11 15:43:27 - [TEST_STEP][PASSED] - Statement - producto = com.kms.katalon.core.webui.keyword.WebUiBuiltInKeywords.getText(com.kms.katalon.core.testobject.ObjectRepository.findTestObject(Object Repository/Page_Catalogo/lblDescripcionProducto, [indexProd:i])).replaceAll(",", " "): Text of object 'Object Repository/Page_Catalogo/lblDescripcionProducto' is: 'Zapatos de Hombre Puma Cell Surin 2 FM Tenis Deportivas 18987620 Negro * Nuevo *'

2018-07-11 15:43:27 - [MESSAGE][PASSED] - Text of object 'Object Repository/Page_Catalogo/lblDescripcionProducto' is: 'Zapatos de Hombre Puma Cell Surin 2 FM Tenis Deportivas 18987620 Negro * Nuevo *'

2018-07-11 15:43:27 - [TEST_STEP][PASSED] - Statement - precio = com.kms.katalon.core.webui.keyword.WebUiBuiltInKeywords.getText(com.kms.katalon.core.testobject.ObjectRepository.findTestObject(Object Repository/Page_Catalogo/lblPrecioProducto, [indexPrecio:i])): Text of object 'Object Repository/Page_Catalogo/lblPrecioProducto' is: 'S/. 278.08'

2018-07-11 15:43:27 - [MESSAGE][PASSED] - Text of object 'Object Repository/Page_Catalogo/lblPrecioProducto' is: 'S/. 278.08'

2018-07-11 15:43:27 - [TEST_STEP][PASSED] - Statement - envio = com.kms.katalon.core.webui.keyword.WebUiBuiltInKeywords.getText(com.kms.katalon.core.testobject.ObjectRepository.findTestObject(Object Repository/Page_Catalogo/lblEnvio, [indexEnvio:i])): Text of object 'Object Repository/Page_Catalogo/lblEnvio' is: '+S/. 170.38 por el envío'

2018-07-11 15:43:27 - [MESSAGE][PASSED] - Text of object 'Object Repository/Page_Catalogo/lblEnvio' is: '+S/. 170.38 por el envío'

2018-07-11 15:43:27 - [TEST_STEP][PASSED] - Statement - productos = producto + " | " + precio + " " + envio: null

2018-07-11 15:43:27 - [TEST_STEP][PASSED] - Statement - listaProductos.addAll(productos): null

2018-07-11 15:43:27 - [TEST_STEP][PASSED] - Statement - producto = com.kms.katalon.core.webui.keyword.WebUiBuiltInKeywords.getText(com.kms.katalon.core.testobject.ObjectRepository.findTestObject(Object Repository/Page_Catalogo/lblDescripcionProducto, [indexProd:i])).replaceAll(",", " "): Text of object 'Object Repository/Page_Catalogo/lblDescripcionProducto' is: 'Nuevo en la caja para hombre Puma Future Cat M1 Citi Pack Negro Motorsport F1 Racing Zapatillas Zapatos'

2018-07-11 15:43:27 - [MESSAGE][PASSED] - Text of object 'Object Repository/Page_Catalogo/lblDescripcionProducto' is: 'Nuevo en la caja para hombre Puma Future Cat M1 Citi Pack Negro Motorsport F1 Racing Zapatillas Zapatos'

2018-07-11 15:43:27 - [TEST_STEP][PASSED] - Statement - precio = com.kms.katalon.core.webui.keyword.WebUiBuiltInKeywords.getText(com.kms.katalon.core.testobject.ObjectRepository.findTestObject(Object Repository/Page_Catalogo/lblPrecioProducto, [indexPrecio:i])): Text of object 'Object Repository/Page_Catalogo/lblPrecioProducto' is: 'S/. 245.47'

2018-07-11 15:43:27 - [MESSAGE][PASSED] - Text of object 'Object Repository/Page_Catalogo/lblPrecioProducto' is: 'S/. 245.47'

2018-07-11 15:43:27 - [TEST_STEP][PASSED] - Statement - envio = com.kms.katalon.core.webui.keyword.WebUiBuiltInKeywords.getText(com.kms.katalon.core.testobject.ObjectRepository.findTestObject(Object Repository/Page_Catalogo/lblEnvio, [indexEnvio:i])): Text of object 'Object Repository/Page_Catalogo/lblEnvio' is: '+S/. 225.86 por el envío'

2018-07-11 15:43:27 - [MESSAGE][PASSED] - Text of object 'Object Repository/Page_Catalogo/lblEnvio' is: '+S/. 225.86 por el envío'

2018-07-11 15:43:27 - [TEST_STEP][PASSED] - Statement - productos = producto + " | " + precio + " " + envio: null

2018-07-11 15:43:27 - [TEST_STEP][PASSED] - Statement - listaProductos.addAll(productos): null

2018-07-11 15:43:27 - [TEST_STEP][PASSED] - Statement - listaProductos.eachWithIndex({ java.lang.Object val, java.lang.Object idx -> ... }): null

2018-07-11 15:43:27 - [TEST_STEP][PASSED] - closeBrowser: Browser is closed

2018-07-11 15:43:28 - [MESSAGE][PASSED] - Browser is closed]]></system-out>
         <system-err><![CDATA[]]></system-err>
      </testcase>
      <testcase name="Test Cases/ebayExercise" classname="Test Cases/ebayExercise" status="PASSED">
         <system-out><![CDATA[2018-07-11 15:43:28 - [TEST_CASE][PASSED] - Test Cases/ebayExercise: Test Cases/ebayExercise

2018-07-11 15:43:28 - [TEST_STEP][PASSED] - openBrowser: Browser is opened with url: 'https://www.ebay.com/'

2018-07-11 15:43:34 - [MESSAGE][PASSED] - Browser is opened with url: 'https://www.ebay.com/'

2018-07-11 15:43:34 - [TEST_STEP][PASSED] - maximizeWindow: Current window maximized

2018-07-11 15:43:35 - [MESSAGE][PASSED] - Current window maximized

2018-07-11 15:43:35 - [TEST_STEP][PASSED] - selectOptionByValue: All options with value '11450' are selected in object 'Object Repository/Page_Home/cmbCategoria'  using regular expression

2018-07-11 15:43:36 - [MESSAGE][PASSED] - All options with value '11450' are selected in object 'Object Repository/Page_Home/cmbCategoria'  using regular expression

2018-07-11 15:43:36 - [TEST_STEP][PASSED] - setText: Text 'PUMA' is set on object 'Object Repository/Page_Home/txtArticuloBuscar'

2018-07-11 15:43:36 - [MESSAGE][PASSED] - Text 'PUMA' is set on object 'Object Repository/Page_Home/txtArticuloBuscar'

2018-07-11 15:43:36 - [TEST_STEP][PASSED] - takeScreenshot: Taking screenshot successfully

2018-07-11 15:43:36 - [MESSAGE][PASSED] - Taking screenshot successfully
[[ATTACHMENT|C:\\automationWeb\\ebayAutomation\\Reports\\ScheduleEbay\\20180711_154234\\1531341816199.png]]

2018-07-11 15:43:36 - [TEST_STEP][PASSED] - click: Object: 'Object Repository/Page_Home/btnBuscar' is clicked on

2018-07-11 15:43:38 - [MESSAGE][PASSED] - Object: 'Object Repository/Page_Home/btnBuscar' is clicked on

2018-07-11 15:43:38 - [TEST_STEP][PASSED] - waitForPageLoad: Wait for page load successfully

2018-07-11 15:43:38 - [MESSAGE][PASSED] - Wait for page load successfully

2018-07-11 15:43:38 - [TEST_STEP][PASSED] - click: Object: 'Object Repository/Page_Catalogo/cbxTalla' is clicked on

2018-07-11 15:43:41 - [MESSAGE][PASSED] - Object: 'Object Repository/Page_Catalogo/cbxTalla' is clicked on

2018-07-11 15:43:41 - [TEST_STEP][PASSED] - delay: Delayed 2 second(s)

2018-07-11 15:43:43 - [MESSAGE][PASSED] - Delayed 2 second(s)

2018-07-11 15:43:43 - [TEST_STEP][PASSED] - takeScreenshot: Taking screenshot successfully

2018-07-11 15:43:43 - [MESSAGE][PASSED] - Taking screenshot successfully
[[ATTACHMENT|C:\\automationWeb\\ebayAutomation\\Reports\\ScheduleEbay\\20180711_154234\\1531341823179.png]]

2018-07-11 15:43:43 - [TEST_STEP][PASSED] - Statement - resultados = com.kms.katalon.core.webui.keyword.WebUiBuiltInKeywords.getText(com.kms.katalon.core.testobject.ObjectRepository.findTestObject(Page_Catalogo/lblResultado)): Text of object 'Object Repository/Page_Catalogo/lblResultado' is: '5,180 resultados'

2018-07-11 15:43:43 - [MESSAGE][PASSED] - Text of object 'Object Repository/Page_Catalogo/lblResultado' is: '5,180 resultados'

2018-07-11 15:43:43 - [TEST_STEP][PASSED] - Statement - println("Nro. resultados => " + resultados): null

2018-07-11 15:43:43 - [TEST_STEP][PASSED] - scrollToElement: Scroll to object 'Object Repository/Page_Catalogo/cbxTalla' successfully

2018-07-11 15:43:43 - [MESSAGE][PASSED] - Scroll to object 'Object Repository/Page_Catalogo/cbxTalla' successfully

2018-07-11 15:43:43 - [TEST_STEP][PASSED] - verifyElementClickable: Object 'Object Repository/Page_Catalogo/cbxTalla' is clickable

2018-07-11 15:43:43 - [MESSAGE][PASSED] - Object 'Object Repository/Page_Catalogo/cbxTalla' is clickable

2018-07-11 15:43:43 - [TEST_STEP][PASSED] - takeScreenshot: Taking screenshot successfully

2018-07-11 15:43:44 - [MESSAGE][PASSED] - Taking screenshot successfully
[[ATTACHMENT|C:\\automationWeb\\ebayAutomation\\Reports\\ScheduleEbay\\20180711_154234\\1531341823716.png]]

2018-07-11 15:43:44 - [TEST_STEP][PASSED] - mouseOver: Object: 'Object Repository/Page_Catalogo/cmbOrdenamiento' is hovered

2018-07-11 15:43:44 - [MESSAGE][PASSED] - Object: 'Object Repository/Page_Catalogo/cmbOrdenamiento' is hovered

2018-07-11 15:43:44 - [TEST_STEP][PASSED] - click: Object: 'Object Repository/Page_Catalogo/cmbValorOrdenamiento' is clicked on

2018-07-11 15:43:46 - [MESSAGE][PASSED] - Object: 'Object Repository/Page_Catalogo/cmbValorOrdenamiento' is clicked on

2018-07-11 15:43:46 - [TEST_STEP][PASSED] - waitForPageLoad: Wait for page load successfully

2018-07-11 15:43:46 - [MESSAGE][PASSED] - Wait for page load successfully

2018-07-11 15:43:46 - [TEST_STEP][PASSED] - takeScreenshot: Taking screenshot successfully

2018-07-11 15:43:47 - [MESSAGE][PASSED] - Taking screenshot successfully
[[ATTACHMENT|C:\\automationWeb\\ebayAutomation\\Reports\\ScheduleEbay\\20180711_154234\\1531341826704.png]]

2018-07-11 15:43:47 - [TEST_STEP][PASSED] - Statement - obtenerListaProductos(5): null

2018-07-11 15:43:47 - [TEST_STEP][PASSED] - Statement - listaProductos = []: null

2018-07-11 15:43:47 - [TEST_STEP][PASSED] - Statement - producto = "": null

2018-07-11 15:43:47 - [TEST_STEP][PASSED] - Statement - precio = "": null

2018-07-11 15:43:47 - [TEST_STEP][PASSED] - Statement - envio = "": null

2018-07-11 15:43:47 - [TEST_STEP][PASSED] - Statement - productos = "": null

2018-07-11 15:43:47 - [TEST_STEP][PASSED] - Statement - For ([i = 1, i <= cantidad, (i++)]): null

2018-07-11 15:43:47 - [TEST_STEP][PASSED] - Statement - producto = com.kms.katalon.core.webui.keyword.WebUiBuiltInKeywords.getText(com.kms.katalon.core.testobject.ObjectRepository.findTestObject(Object Repository/Page_Catalogo/lblDescripcionProducto, [indexProd:i])).replaceAll(",", " "): Text of object 'Object Repository/Page_Catalogo/lblDescripcionProducto' is: 'Puma Undefeated Undftd 24K Mid oro metálico metal líquido blanco 349567-01 Sz10'

2018-07-11 15:43:47 - [MESSAGE][PASSED] - Text of object 'Object Repository/Page_Catalogo/lblDescripcionProducto' is: 'Puma Undefeated Undftd 24K Mid oro metálico metal líquido blanco 349567-01 Sz10'

2018-07-11 15:43:47 - [TEST_STEP][PASSED] - Statement - precio = com.kms.katalon.core.webui.keyword.WebUiBuiltInKeywords.getText(com.kms.katalon.core.testobject.ObjectRepository.findTestObject(Object Repository/Page_Catalogo/lblPrecioProducto, [indexPrecio:i])): Text of object 'Object Repository/Page_Catalogo/lblPrecioProducto' is: 'S/. 2 766.02'

2018-07-11 15:43:47 - [MESSAGE][PASSED] - Text of object 'Object Repository/Page_Catalogo/lblPrecioProducto' is: 'S/. 2 766.02'

2018-07-11 15:43:47 - [TEST_STEP][PASSED] - Statement - envio = com.kms.katalon.core.webui.keyword.WebUiBuiltInKeywords.getText(com.kms.katalon.core.testobject.ObjectRepository.findTestObject(Object Repository/Page_Catalogo/lblEnvio, [indexEnvio:i])): Text of object 'Object Repository/Page_Catalogo/lblEnvio' is: '+S/. 207.70 por el envío'

2018-07-11 15:43:47 - [MESSAGE][PASSED] - Text of object 'Object Repository/Page_Catalogo/lblEnvio' is: '+S/. 207.70 por el envío'

2018-07-11 15:43:47 - [TEST_STEP][PASSED] - Statement - productos = producto + " | " + precio + " " + envio: null

2018-07-11 15:43:47 - [TEST_STEP][PASSED] - Statement - listaProductos.addAll(productos): null

2018-07-11 15:43:47 - [TEST_STEP][PASSED] - Statement - producto = com.kms.katalon.core.webui.keyword.WebUiBuiltInKeywords.getText(com.kms.katalon.core.testobject.ObjectRepository.findTestObject(Object Repository/Page_Catalogo/lblDescripcionProducto, [indexProd:i])).replaceAll(",", " "): Text of object 'Object Repository/Page_Catalogo/lblDescripcionProducto' is: 'Puma Clyde X WWE "dinero en el banco" Colección maletín Limitada US talla 10 para hombre'

2018-07-11 15:43:47 - [MESSAGE][PASSED] - Text of object 'Object Repository/Page_Catalogo/lblDescripcionProducto' is: 'Puma Clyde X WWE "dinero en el banco" Colección maletín Limitada US talla 10 para hombre'

2018-07-11 15:43:47 - [TEST_STEP][PASSED] - Statement - precio = com.kms.katalon.core.webui.keyword.WebUiBuiltInKeywords.getText(com.kms.katalon.core.testobject.ObjectRepository.findTestObject(Object Repository/Page_Catalogo/lblPrecioProducto, [indexPrecio:i])): Text of object 'Object Repository/Page_Catalogo/lblPrecioProducto' is: 'S/. 2 618.69'

2018-07-11 15:43:47 - [MESSAGE][PASSED] - Text of object 'Object Repository/Page_Catalogo/lblPrecioProducto' is: 'S/. 2 618.69'

2018-07-11 15:43:47 - [TEST_STEP][PASSED] - Statement - envio = com.kms.katalon.core.webui.keyword.WebUiBuiltInKeywords.getText(com.kms.katalon.core.testobject.ObjectRepository.findTestObject(Object Repository/Page_Catalogo/lblEnvio, [indexEnvio:i])): Text of object 'Object Repository/Page_Catalogo/lblEnvio' is: '+S/. 269.63 por el envío'

2018-07-11 15:43:47 - [MESSAGE][PASSED] - Text of object 'Object Repository/Page_Catalogo/lblEnvio' is: '+S/. 269.63 por el envío'

2018-07-11 15:43:47 - [TEST_STEP][PASSED] - Statement - productos = producto + " | " + precio + " " + envio: null

2018-07-11 15:43:47 - [TEST_STEP][PASSED] - Statement - listaProductos.addAll(productos): null

2018-07-11 15:43:47 - [TEST_STEP][PASSED] - Statement - producto = com.kms.katalon.core.webui.keyword.WebUiBuiltInKeywords.getText(com.kms.katalon.core.testobject.ObjectRepository.findTestObject(Object Repository/Page_Catalogo/lblDescripcionProducto, [indexProd:i])).replaceAll(",", " "): Text of object 'Object Repository/Page_Catalogo/lblDescripcionProducto' is: 'Puma MCM Clásico Gamuza 50th Anniversary'

2018-07-11 15:43:47 - [MESSAGE][PASSED] - Text of object 'Object Repository/Page_Catalogo/lblDescripcionProducto' is: 'Puma MCM Clásico Gamuza 50th Anniversary'

2018-07-11 15:43:47 - [TEST_STEP][PASSED] - Statement - precio = com.kms.katalon.core.webui.keyword.WebUiBuiltInKeywords.getText(com.kms.katalon.core.testobject.ObjectRepository.findTestObject(Object Repository/Page_Catalogo/lblPrecioProducto, [indexPrecio:i])): Text of object 'Object Repository/Page_Catalogo/lblPrecioProducto' is: 'S/. 1 950.94 a S/. 2 114.61'

2018-07-11 15:43:47 - [MESSAGE][PASSED] - Text of object 'Object Repository/Page_Catalogo/lblPrecioProducto' is: 'S/. 1 950.94 a S/. 2 114.61'

2018-07-11 15:43:47 - [TEST_STEP][PASSED] - Statement - envio = com.kms.katalon.core.webui.keyword.WebUiBuiltInKeywords.getText(com.kms.katalon.core.testobject.ObjectRepository.findTestObject(Object Repository/Page_Catalogo/lblEnvio, [indexEnvio:i])): Text of object 'Object Repository/Page_Catalogo/lblEnvio' is: '+S/. 210.51 por el envío'

2018-07-11 15:43:47 - [MESSAGE][PASSED] - Text of object 'Object Repository/Page_Catalogo/lblEnvio' is: '+S/. 210.51 por el envío'

2018-07-11 15:43:47 - [TEST_STEP][PASSED] - Statement - productos = producto + " | " + precio + " " + envio: null

2018-07-11 15:43:47 - [TEST_STEP][PASSED] - Statement - listaProductos.addAll(productos): null

2018-07-11 15:43:47 - [TEST_STEP][PASSED] - Statement - producto = com.kms.katalon.core.webui.keyword.WebUiBuiltInKeywords.getText(com.kms.katalon.core.testobject.ObjectRepository.findTestObject(Object Repository/Page_Catalogo/lblDescripcionProducto, [indexProd:i])).replaceAll(",", " "): Text of object 'Object Repository/Page_Catalogo/lblDescripcionProducto' is: 'Puma Alexander McQueen Rocket Hombres Tenis X Talla 10'

2018-07-11 15:43:47 - [MESSAGE][PASSED] - Text of object 'Object Repository/Page_Catalogo/lblDescripcionProducto' is: 'Puma Alexander McQueen Rocket Hombres Tenis X Talla 10'

2018-07-11 15:43:47 - [TEST_STEP][PASSED] - Statement - precio = com.kms.katalon.core.webui.keyword.WebUiBuiltInKeywords.getText(com.kms.katalon.core.testobject.ObjectRepository.findTestObject(Object Repository/Page_Catalogo/lblPrecioProducto, [indexPrecio:i])): Text of object 'Object Repository/Page_Catalogo/lblPrecioProducto' is: 'S/. 1 571.20'

2018-07-11 15:43:47 - [MESSAGE][PASSED] - Text of object 'Object Repository/Page_Catalogo/lblPrecioProducto' is: 'S/. 1 571.20'

2018-07-11 15:43:47 - [TEST_STEP][PASSED] - Statement - envio = com.kms.katalon.core.webui.keyword.WebUiBuiltInKeywords.getText(com.kms.katalon.core.testobject.ObjectRepository.findTestObject(Object Repository/Page_Catalogo/lblEnvio, [indexEnvio:i])): Text of object 'Object Repository/Page_Catalogo/lblEnvio' is: '+S/. 180.53 por el envío'

2018-07-11 15:43:48 - [MESSAGE][PASSED] - Text of object 'Object Repository/Page_Catalogo/lblEnvio' is: '+S/. 180.53 por el envío'

2018-07-11 15:43:48 - [TEST_STEP][PASSED] - Statement - productos = producto + " | " + precio + " " + envio: null

2018-07-11 15:43:48 - [TEST_STEP][PASSED] - Statement - listaProductos.addAll(productos): null

2018-07-11 15:43:48 - [TEST_STEP][PASSED] - Statement - producto = com.kms.katalon.core.webui.keyword.WebUiBuiltInKeywords.getText(com.kms.katalon.core.testobject.ObjectRepository.findTestObject(Object Repository/Page_Catalogo/lblDescripcionProducto, [indexProd:i])).replaceAll(",", " "): Text of object 'Object Repository/Page_Catalogo/lblDescripcionProducto' is: 'Puma Mcm Gamuza Rojo Blanco Azul X'

2018-07-11 15:43:48 - [MESSAGE][PASSED] - Text of object 'Object Repository/Page_Catalogo/lblDescripcionProducto' is: 'Puma Mcm Gamuza Rojo Blanco Azul X'

2018-07-11 15:43:48 - [TEST_STEP][PASSED] - Statement - precio = com.kms.katalon.core.webui.keyword.WebUiBuiltInKeywords.getText(com.kms.katalon.core.testobject.ObjectRepository.findTestObject(Object Repository/Page_Catalogo/lblPrecioProducto, [indexPrecio:i])): Text of object 'Object Repository/Page_Catalogo/lblPrecioProducto' is: 'S/. 1 309.36'

2018-07-11 15:43:48 - [MESSAGE][PASSED] - Text of object 'Object Repository/Page_Catalogo/lblPrecioProducto' is: 'S/. 1 309.36'

2018-07-11 15:43:48 - [TEST_STEP][PASSED] - Statement - envio = com.kms.katalon.core.webui.keyword.WebUiBuiltInKeywords.getText(com.kms.katalon.core.testobject.ObjectRepository.findTestObject(Object Repository/Page_Catalogo/lblEnvio, [indexEnvio:i])): Text of object 'Object Repository/Page_Catalogo/lblEnvio' is: '+S/. 208.35 por el envío'

2018-07-11 15:43:48 - [MESSAGE][PASSED] - Text of object 'Object Repository/Page_Catalogo/lblEnvio' is: '+S/. 208.35 por el envío'

2018-07-11 15:43:48 - [TEST_STEP][PASSED] - Statement - productos = producto + " | " + precio + " " + envio: null

2018-07-11 15:43:48 - [TEST_STEP][PASSED] - Statement - listaProductos.addAll(productos): null

2018-07-11 15:43:48 - [TEST_STEP][PASSED] - Statement - listaProductos.eachWithIndex({ java.lang.Object val, java.lang.Object idx -> ... }): null

2018-07-11 15:43:48 - [TEST_STEP][PASSED] - closeBrowser: Browser is closed

2018-07-11 15:43:48 - [MESSAGE][PASSED] - Browser is closed]]></system-out>
         <system-err><![CDATA[]]></system-err>
      </testcase>
      <system-out><![CDATA[2018-07-11 15:42:40 - [TEST_SUITE][PASSED] - ScheduleEbay: Test Cases/ebayExercise]]></system-out>
      <system-err><![CDATA[]]></system-err>
   </testsuite>
</testsuites>
